[2022-03-01 12:53:21] [info]: "Initializing XML lookup in C:\BootDrv\Aloha\XCHECK\20220411\"
[2022-03-01 13:57:37] [info]: "Initializing XML lookup in C:\BootDrv\Aloha\XCHECK\20220411\"
[2022-03-01 13:57:54] [info]: "C:\BootDrv\Aloha\XCHECK\20220411\10013.xml has been detected"
[2022-03-01 13:57:54] [info]: "CheckNumber N° 10013"
[2022-03-01 13:57:54] [info]: "Leyendo XML de C:\BootDrv\Aloha\XCHECK\20220411\10013.xml"
[2022-03-01 13:57:54] [info]: "Procesando JSON de 10013"
[2022-03-01 13:57:54] [info]: "10013 has been sent to the inquiry screen"
[2022-03-01 13:57:54] [info]: "Bat: start "" "C:\pcnub\Luisda.lnk" http://localhost:3000/10013 Route: C:\pcnub\Luisda.bat"
[2022-03-01 13:58:25] [info]: "Initializing printing in "impresora1""
[2022-03-01 13:58:25] [info]: "Connecting to the database"
[2022-03-01 13:58:26] [info]: "Print sent to "impresora1" - Printer Job: 17"
[2022-03-01 13:58:26] [info]: "Successfully inserted: 10013 - JUGO MELON 1/2 LITRO - 12"
[2022-03-01 13:58:41] [info]: "C:\BootDrv\Aloha\XCHECK\20220411\10014.xml has been detected"
[2022-03-01 13:58:41] [info]: "CheckNumber N° 10014"
[2022-03-01 13:58:41] [info]: "Leyendo XML de C:\BootDrv\Aloha\XCHECK\20220411\10014.xml"
[2022-03-01 13:58:41] [info]: "Procesando JSON de 10014"
[2022-03-01 13:58:41] [info]: "10014 has been sent to the inquiry screen"
[2022-03-01 13:58:41] [info]: "Bat: start "" "C:\pcnub\Luisda.lnk" http://localhost:3000/10014 Route: C:\pcnub\Luisda.bat"
[2022-03-01 13:58:55] [info]: "Initializing printing in "impresora1""
[2022-03-01 13:58:55] [info]: "Connecting to the database"
[2022-03-01 13:58:55] [info]: "Print sent to "impresora1" - Printer Job: 18"
[2022-03-01 13:58:55] [info]: "Successfully inserted: 10014 - JUGO MARACUYA 1/2 LITRO - 12"
